<?xml version="1.0" encoding="UTF-8"?>
<!-- Generated by org.testng.reporters.JUnitReportReporter -->
<testsuite skipped="0" hostname="DEV-WORK-STN-67" name="com.Helper.Extentreport" tests="1" failures="0" timestamp="29 Jul 2022 05:38:38 GMT" time="10.428" errors="0">
  <testcase name="extentReportsDemo" time="10.428" classname="com.Helper.Extentreport"/>
</testsuite> <!-- com.Helper.Extentreport -->
