<?xml version="1.0" encoding="UTF-8"?>
<!-- Generated by org.testng.reporters.JUnitReportReporter -->
<testsuite skipped="0" hostname="DEV-WORK-STN-67" name="com.test.LeaveApplyTC" tests="3" failures="0" timestamp="21 Sep 2022 10:22:31 GMT" time="32.472" errors="0">
  <testcase name="checklogin" time="6.841" classname="com.test.LeaveApplyTC"/>
  <testcase name="popupclose" time="1.169" classname="com.test.LeaveApplyTC"/>
  <testcase name="leaveapply" time="24.462" classname="com.test.LeaveApplyTC"/>
</testsuite> <!-- com.test.LeaveApplyTC -->
