<?xml version="1.0" encoding="UTF-8"?>
<!-- Generated by org.testng.reporters.JUnitReportReporter -->
<testsuite skipped="0" hostname="DEV-WORK-STN-67" name="com.test.ReplacementLeaveTC" tests="3" failures="0" timestamp="10 Aug 2022 11:40:31 GMT" time="79.039" errors="0">
  <testcase name="login" time="44.332" classname="com.test.ReplacementLeaveTC"/>
  <testcase name="popupclose" time="0.313" classname="com.test.ReplacementLeaveTC"/>
  <testcase name="Replacementleaveapply" time="34.394" classname="com.test.ReplacementLeaveTC"/>
</testsuite> <!-- com.test.ReplacementLeaveTC -->
