<?xml version="1.0" encoding="UTF-8"?>
<!-- Generated by org.testng.reporters.JUnitReportReporter -->
<testsuite skipped="0" hostname="DEV-WORK-STN-67" name="com.test.PermissionApply" tests="3" failures="0" timestamp="10 Aug 2022 11:40:31 GMT" time="68.230" errors="0">
  <testcase name="checklogin" time="37.209" classname="com.test.PermissionApply"/>
  <testcase name="popupclose" time="1.689" classname="com.test.PermissionApply"/>
  <testcase name="permissionapply" time="29.332" classname="com.test.PermissionApply"/>
</testsuite> <!-- com.test.PermissionApply -->
